{"/home/erick/Desktop/tm-tasks/src/components/atoms/index.js": {"path":"/home/erick/Desktop/tm-tasks/src/components/atoms/index.js","statementMap":{},"fnMap":{},"branchMap":{},"s":{},"f":{},"b":{},"_coverageSchema":"43e27e138ebf9cfc5966b082cf9a028302ed4184","hash":"bfef2db1506caf602269eea765e1db7e9baaad7a"}
,"/home/erick/Desktop/tm-tasks/src/components/bosons/index.js": {"path":"/home/erick/Desktop/tm-tasks/src/components/bosons/index.js","statementMap":{},"fnMap":{},"branchMap":{},"s":{},"f":{},"b":{},"hash":"875c3ea1962a0f50de09c81bef6b13d406e4d6e4"}
,"/home/erick/Desktop/tm-tasks/src/components/molecules/Header.vue": {"path":"/home/erick/Desktop/tm-tasks/src/components/molecules/Header.vue","statementMap":{"0":{"start":{"line":17,"column":0},"end":{"line":17,"column":null}},"1":{"start":{"line":21,"column":0},"end":{"line":21,"column":null}},"2":{"start":{"line":26,"column":0},"end":{"line":26,"column":null}},"3":{"start":{"line":29,"column":0},"end":{"line":29,"column":null}},"4":{"start":{"line":33,"column":0},"end":{"line":33,"column":null}}},"fnMap":{"0":{"name":"(anonymous_1)","decl":{"start":{"line":20,"column":0},"end":{"line":20,"column":null}},"loc":{"start":{"line":20,"column":0},"end":{"line":22,"column":null}}},"1":{"name":"(anonymous_2)","decl":{"start":{"line":25,"column":0},"end":{"line":25,"column":null}},"loc":{"start":{"line":25,"column":0},"end":{"line":34,"column":null}}}},"branchMap":{},"s":{"0":4,"1":2,"2":2,"3":2,"4":2},"f":{"0":2,"1":2},"b":{}}
,"/home/erick/Desktop/tm-tasks/src/components/molecules/LandingIntro.vue": {"path":"/home/erick/Desktop/tm-tasks/src/components/molecules/LandingIntro.vue","statementMap":{"0":{"start":{"line":16,"column":0},"end":{"line":16,"column":null}}},"fnMap":{},"branchMap":{},"s":{"0":4},"f":{},"b":{}}
,"/home/erick/Desktop/tm-tasks/src/components/molecules/UserForm.vue": {"path":"/home/erick/Desktop/tm-tasks/src/components/molecules/UserForm.vue","statementMap":{"0":{"start":{"line":46,"column":0},"end":{"line":46,"column":null}},"1":{"start":{"line":47,"column":0},"end":{"line":47,"column":null}},"2":{"start":{"line":51,"column":0},"end":{"line":51,"column":null}},"3":{"start":{"line":57,"column":0},"end":{"line":62,"column":null}},"4":{"start":{"line":58,"column":0},"end":{"line":58,"column":null}},"5":{"start":{"line":59,"column":0},"end":{"line":59,"column":null}},"6":{"start":{"line":61,"column":0},"end":{"line":61,"column":null}}},"fnMap":{"0":{"name":"(anonymous_1)","decl":{"start":{"line":51,"column":0},"end":{"line":51,"column":null}},"loc":{"start":{"line":51,"column":0},"end":{"line":51,"column":null}}},"1":{"name":"(anonymous_2)","decl":{"start":{"line":56,"column":0},"end":{"line":56,"column":null}},"loc":{"start":{"line":56,"column":0},"end":{"line":63,"column":null}}}},"branchMap":{},"s":{"0":4,"1":4,"2":2,"3":0,"4":0,"5":0,"6":0},"f":{"0":2,"1":0},"b":{}}
,"/home/erick/Desktop/tm-tasks/src/components/molecules/index.js": {"path":"/home/erick/Desktop/tm-tasks/src/components/molecules/index.js","statementMap":{},"fnMap":{},"branchMap":{},"s":{},"f":{},"b":{},"_coverageSchema":"43e27e138ebf9cfc5966b082cf9a028302ed4184","hash":"a1dbfb41d1e5049494fc2a47bb0ba5c11fb98574"}
,"/home/erick/Desktop/tm-tasks/src/components/organisms/TaskList.vue": {"path":"/home/erick/Desktop/tm-tasks/src/components/organisms/TaskList.vue","statementMap":{"0":{"start":{"line":14,"column":0},"end":{"line":14,"column":null}},"1":{"start":{"line":15,"column":0},"end":{"line":15,"column":null}}},"fnMap":{},"branchMap":{},"s":{"0":0,"1":0},"f":{},"b":{}}
,"/home/erick/Desktop/tm-tasks/src/components/organisms/index.js": {"path":"/home/erick/Desktop/tm-tasks/src/components/organisms/index.js","statementMap":{},"fnMap":{},"branchMap":{},"s":{},"f":{},"b":{},"hash":"38f5a8f6af8abca0933b778856322a64a0d93356"}
,"/home/erick/Desktop/tm-tasks/src/components/pages/Dashboard.vue": {"path":"/home/erick/Desktop/tm-tasks/src/components/pages/Dashboard.vue","statementMap":{"0":{"start":{"line":24,"column":0},"end":{"line":24,"column":null}},"1":{"start":{"line":25,"column":0},"end":{"line":25,"column":null}},"2":{"start":{"line":26,"column":0},"end":{"line":26,"column":null}},"3":{"start":{"line":27,"column":0},"end":{"line":27,"column":null}},"4":{"start":{"line":28,"column":0},"end":{"line":28,"column":null}},"5":{"start":{"line":35,"column":0},"end":{"line":35,"column":null}},"6":{"start":{"line":41,"column":0},"end":{"line":41,"column":null}},"7":{"start":{"line":42,"column":0},"end":{"line":42,"column":null}},"8":{"start":{"line":45,"column":0},"end":{"line":45,"column":null}}},"fnMap":{"0":{"name":"(anonymous_1)","decl":{"start":{"line":35,"column":0},"end":{"line":35,"column":null}},"loc":{"start":{"line":35,"column":0},"end":{"line":35,"column":null}}},"1":{"name":"(anonymous_2)","decl":{"start":{"line":40,"column":0},"end":{"line":40,"column":null}},"loc":{"start":{"line":40,"column":0},"end":{"line":43,"column":null}}},"2":{"name":"(anonymous_3)","decl":{"start":{"line":44,"column":0},"end":{"line":44,"column":null}},"loc":{"start":{"line":44,"column":0},"end":{"line":46,"column":null}}}},"branchMap":{},"s":{"0":0,"1":0,"2":0,"3":0,"4":0,"5":0,"6":0,"7":0,"8":0},"f":{"0":0,"1":0,"2":0},"b":{}}
,"/home/erick/Desktop/tm-tasks/src/components/pages/Landing.vue": {"path":"/home/erick/Desktop/tm-tasks/src/components/pages/Landing.vue","statementMap":{"0":{"start":{"line":11,"column":0},"end":{"line":11,"column":null}},"1":{"start":{"line":15,"column":0},"end":{"line":15,"column":null}},"2":{"start":{"line":20,"column":0},"end":{"line":20,"column":null}}},"fnMap":{"0":{"name":"(anonymous_1)","decl":{"start":{"line":15,"column":0},"end":{"line":15,"column":null}},"loc":{"start":{"line":15,"column":0},"end":{"line":15,"column":null}}},"1":{"name":"(anonymous_2)","decl":{"start":{"line":19,"column":0},"end":{"line":19,"column":null}},"loc":{"start":{"line":19,"column":0},"end":{"line":21,"column":null}}}},"branchMap":{},"s":{"0":0,"1":0,"2":0},"f":{"0":0,"1":0},"b":{}}
,"/home/erick/Desktop/tm-tasks/src/components/pages/index.js": {"path":"/home/erick/Desktop/tm-tasks/src/components/pages/index.js","statementMap":{},"fnMap":{},"branchMap":{},"s":{},"f":{},"b":{},"hash":"50b79fda0bd633af149f117dc7534fc6f97867b4"}
}
