TN:
SF:/home/erick/Desktop/tm-tasks/src/components/atoms/index.js
FNF:0
FNH:0
LF:0
LH:0
BRF:0
BRH:0
end_of_record
TN:
SF:/home/erick/Desktop/tm-tasks/src/components/bosons/index.js
FNF:0
FNH:0
LF:0
LH:0
BRF:0
BRH:0
end_of_record
TN:
SF:/home/erick/Desktop/tm-tasks/src/components/molecules/Header.vue
FN:20,(anonymous_1)
FN:25,(anonymous_2)
FNF:2
FNH:2
FNDA:2,(anonymous_1)
FNDA:2,(anonymous_2)
DA:17,4
DA:21,2
DA:26,2
DA:29,2
DA:33,2
LF:5
LH:5
BRF:0
BRH:0
end_of_record
TN:
SF:/home/erick/Desktop/tm-tasks/src/components/molecules/LandingIntro.vue
FNF:0
FNH:0
DA:16,4
LF:1
LH:1
BRF:0
BRH:0
end_of_record
TN:
SF:/home/erick/Desktop/tm-tasks/src/components/molecules/UserForm.vue
FN:51,(anonymous_1)
FN:56,(anonymous_2)
FNF:2
FNH:1
FNDA:2,(anonymous_1)
FNDA:0,(anonymous_2)
DA:46,4
DA:47,4
DA:51,2
DA:57,0
DA:58,0
DA:59,0
DA:61,0
LF:7
LH:3
BRF:0
BRH:0
end_of_record
TN:
SF:/home/erick/Desktop/tm-tasks/src/components/molecules/index.js
FNF:0
FNH:0
LF:0
LH:0
BRF:0
BRH:0
end_of_record
TN:
SF:/home/erick/Desktop/tm-tasks/src/components/organisms/TaskList.vue
FNF:0
FNH:0
DA:14,0
DA:15,0
LF:2
LH:0
BRF:0
BRH:0
end_of_record
TN:
SF:/home/erick/Desktop/tm-tasks/src/components/organisms/index.js
FNF:0
FNH:0
LF:0
LH:0
BRF:0
BRH:0
end_of_record
TN:
SF:/home/erick/Desktop/tm-tasks/src/components/pages/Dashboard.vue
FN:35,(anonymous_1)
FN:40,(anonymous_2)
FN:44,(anonymous_3)
FNF:3
FNH:0
FNDA:0,(anonymous_1)
FNDA:0,(anonymous_2)
FNDA:0,(anonymous_3)
DA:24,0
DA:25,0
DA:26,0
DA:27,0
DA:28,0
DA:35,0
DA:41,0
DA:42,0
DA:45,0
LF:9
LH:0
BRF:0
BRH:0
end_of_record
TN:
SF:/home/erick/Desktop/tm-tasks/src/components/pages/Landing.vue
FN:15,(anonymous_1)
FN:19,(anonymous_2)
FNF:2
FNH:0
FNDA:0,(anonymous_1)
FNDA:0,(anonymous_2)
DA:11,0
DA:15,0
DA:20,0
LF:3
LH:0
BRF:0
BRH:0
end_of_record
TN:
SF:/home/erick/Desktop/tm-tasks/src/components/pages/index.js
FNF:0
FNH:0
LF:0
LH:0
BRF:0
BRH:0
end_of_record
